[2021-03-20 02:51:17] local.ERROR: Please provide a valid cache path. {"exception":"[object] (InvalidArgumentException(code: 0): Please provide a valid cache path. at /home/garabuna/projects/job-portal/vendor/laravel/framework/src/Illuminate/View/Compilers/Compiler.php:36)
[stacktrace]
#0 /home/garabuna/projects/job-portal/vendor/laravel/framework/src/Illuminate/View/ViewServiceProvider.php(88): Illuminate\\View\\Compilers\\Compiler->__construct()
#1 /home/garabuna/projects/job-portal/vendor/laravel/framework/src/Illuminate/Container/Container.php(826): Illuminate\\View\\ViewServiceProvider->Illuminate\\View\\{closure}()
#2 /home/garabuna/projects/job-portal/vendor/laravel/framework/src/Illuminate/Container/Container.php(712): Illuminate\\Container\\Container->build()
#3 /home/garabuna/projects/job-portal/vendor/laravel/framework/src/Illuminate/Foundation/Application.php(841): Illuminate\\Container\\Container->resolve()
#4 /home/garabuna/projects/job-portal/vendor/laravel/framework/src/Illuminate/Container/Container.php(651): Illuminate\\Foundation\\Application->resolve()
#5 /home/garabuna/projects/job-portal/vendor/laravel/framework/src/Illuminate/Foundation/Application.php(826): Illuminate\\Container\\Container->make()
#6 /home/garabuna/projects/job-portal/vendor/laravel/framework/src/Illuminate/Container/Container.php(1358): Illuminate\\Foundation\\Application->make()
#7 /home/garabuna/projects/job-portal/vendor/laravel/framework/src/Illuminate/View/ViewServiceProvider.php(150): Illuminate\\Container\\Container->offsetGet()
#8 [internal function]: Illuminate\\View\\ViewServiceProvider->Illuminate\\View\\{closure}()
#9 /home/garabuna/projects/job-portal/vendor/laravel/framework/src/Illuminate/View/Engines/EngineResolver.php(55): call_user_func()
#10 /home/garabuna/projects/job-portal/vendor/facade/ignition/src/IgnitionServiceProvider.php(415): Illuminate\\View\\Engines\\EngineResolver->resolve()
#11 /home/garabuna/projects/job-portal/vendor/facade/ignition/src/IgnitionServiceProvider.php(138): Facade\\Ignition\\IgnitionServiceProvider->hasCustomViewEnginesRegistered()
#12 /home/garabuna/projects/job-portal/vendor/facade/ignition/src/IgnitionServiceProvider.php(88): Facade\\Ignition\\IgnitionServiceProvider->registerViewEngines()
#13 /home/garabuna/projects/job-portal/vendor/laravel/framework/src/Illuminate/Container/BoundMethod.php(36): Facade\\Ignition\\IgnitionServiceProvider->boot()
#14 /home/garabuna/projects/job-portal/vendor/laravel/framework/src/Illuminate/Container/Util.php(40): Illuminate\\Container\\BoundMethod::Illuminate\\Container\\{closure}()
#15 /home/garabuna/projects/job-portal/vendor/laravel/framework/src/Illuminate/Container/BoundMethod.php(93): Illuminate\\Container\\Util::unwrapIfClosure()
#16 /home/garabuna/projects/job-portal/vendor/laravel/framework/src/Illuminate/Container/BoundMethod.php(37): Illuminate\\Container\\BoundMethod::callBoundMethod()
#17 /home/garabuna/projects/job-portal/vendor/laravel/framework/src/Illuminate/Container/Container.php(610): Illuminate\\Container\\BoundMethod::call()
#18 /home/garabuna/projects/job-portal/vendor/laravel/framework/src/Illuminate/Foundation/Application.php(914): Illuminate\\Container\\Container->call()
#19 /home/garabuna/projects/job-portal/vendor/laravel/framework/src/Illuminate/Foundation/Application.php(895): Illuminate\\Foundation\\Application->bootProvider()
#20 [internal function]: Illuminate\\Foundation\\Application->Illuminate\\Foundation\\{closure}()
#21 /home/garabuna/projects/job-portal/vendor/laravel/framework/src/Illuminate/Foundation/Application.php(896): array_walk()
#22 /home/garabuna/projects/job-portal/vendor/laravel/framework/src/Illuminate/Foundation/Bootstrap/BootProviders.php(17): Illuminate\\Foundation\\Application->boot()
#23 /home/garabuna/projects/job-portal/vendor/laravel/framework/src/Illuminate/Foundation/Application.php(237): Illuminate\\Foundation\\Bootstrap\\BootProviders->bootstrap()
#24 /home/garabuna/projects/job-portal/vendor/laravel/framework/src/Illuminate/Foundation/Console/Kernel.php(310): Illuminate\\Foundation\\Application->bootstrapWith()
#25 /home/garabuna/projects/job-portal/vendor/laravel/framework/src/Illuminate/Foundation/Console/Kernel.php(127): Illuminate\\Foundation\\Console\\Kernel->bootstrap()
#26 /home/garabuna/projects/job-portal/artisan(37): Illuminate\\Foundation\\Console\\Kernel->handle()
#27 {main}
"} 
[2021-03-20 02:52:49] local.ERROR: Please provide a valid cache path. {"exception":"[object] (InvalidArgumentException(code: 0): Please provide a valid cache path. at /home/garabuna/projects/job-portal/vendor/laravel/framework/src/Illuminate/View/Compilers/Compiler.php:36)
[stacktrace]
#0 /home/garabuna/projects/job-portal/vendor/laravel/framework/src/Illuminate/View/ViewServiceProvider.php(88): Illuminate\\View\\Compilers\\Compiler->__construct()
#1 /home/garabuna/projects/job-portal/vendor/laravel/framework/src/Illuminate/Container/Container.php(826): Illuminate\\View\\ViewServiceProvider->Illuminate\\View\\{closure}()
#2 /home/garabuna/projects/job-portal/vendor/laravel/framework/src/Illuminate/Container/Container.php(712): Illuminate\\Container\\Container->build()
#3 /home/garabuna/projects/job-portal/vendor/laravel/framework/src/Illuminate/Foundation/Application.php(841): Illuminate\\Container\\Container->resolve()
#4 /home/garabuna/projects/job-portal/vendor/laravel/framework/src/Illuminate/Container/Container.php(651): Illuminate\\Foundation\\Application->resolve()
#5 /home/garabuna/projects/job-portal/vendor/laravel/framework/src/Illuminate/Foundation/Application.php(826): Illuminate\\Container\\Container->make()
#6 /home/garabuna/projects/job-portal/vendor/laravel/framework/src/Illuminate/Container/Container.php(1358): Illuminate\\Foundation\\Application->make()
#7 /home/garabuna/projects/job-portal/vendor/laravel/framework/src/Illuminate/View/ViewServiceProvider.php(150): Illuminate\\Container\\Container->offsetGet()
#8 [internal function]: Illuminate\\View\\ViewServiceProvider->Illuminate\\View\\{closure}()
#9 /home/garabuna/projects/job-portal/vendor/laravel/framework/src/Illuminate/View/Engines/EngineResolver.php(55): call_user_func()
#10 /home/garabuna/projects/job-portal/vendor/facade/ignition/src/IgnitionServiceProvider.php(415): Illuminate\\View\\Engines\\EngineResolver->resolve()
#11 /home/garabuna/projects/job-portal/vendor/facade/ignition/src/IgnitionServiceProvider.php(138): Facade\\Ignition\\IgnitionServiceProvider->hasCustomViewEnginesRegistered()
#12 /home/garabuna/projects/job-portal/vendor/facade/ignition/src/IgnitionServiceProvider.php(88): Facade\\Ignition\\IgnitionServiceProvider->registerViewEngines()
#13 /home/garabuna/projects/job-portal/vendor/laravel/framework/src/Illuminate/Container/BoundMethod.php(36): Facade\\Ignition\\IgnitionServiceProvider->boot()
#14 /home/garabuna/projects/job-portal/vendor/laravel/framework/src/Illuminate/Container/Util.php(40): Illuminate\\Container\\BoundMethod::Illuminate\\Container\\{closure}()
#15 /home/garabuna/projects/job-portal/vendor/laravel/framework/src/Illuminate/Container/BoundMethod.php(93): Illuminate\\Container\\Util::unwrapIfClosure()
#16 /home/garabuna/projects/job-portal/vendor/laravel/framework/src/Illuminate/Container/BoundMethod.php(37): Illuminate\\Container\\BoundMethod::callBoundMethod()
#17 /home/garabuna/projects/job-portal/vendor/laravel/framework/src/Illuminate/Container/Container.php(610): Illuminate\\Container\\BoundMethod::call()
#18 /home/garabuna/projects/job-portal/vendor/laravel/framework/src/Illuminate/Foundation/Application.php(914): Illuminate\\Container\\Container->call()
#19 /home/garabuna/projects/job-portal/vendor/laravel/framework/src/Illuminate/Foundation/Application.php(895): Illuminate\\Foundation\\Application->bootProvider()
#20 [internal function]: Illuminate\\Foundation\\Application->Illuminate\\Foundation\\{closure}()
#21 /home/garabuna/projects/job-portal/vendor/laravel/framework/src/Illuminate/Foundation/Application.php(896): array_walk()
#22 /home/garabuna/projects/job-portal/vendor/laravel/framework/src/Illuminate/Foundation/Bootstrap/BootProviders.php(17): Illuminate\\Foundation\\Application->boot()
#23 /home/garabuna/projects/job-portal/vendor/laravel/framework/src/Illuminate/Foundation/Application.php(237): Illuminate\\Foundation\\Bootstrap\\BootProviders->bootstrap()
#24 /home/garabuna/projects/job-portal/vendor/laravel/framework/src/Illuminate/Foundation/Console/Kernel.php(310): Illuminate\\Foundation\\Application->bootstrapWith()
#25 /home/garabuna/projects/job-portal/vendor/laravel/framework/src/Illuminate/Foundation/Console/Kernel.php(127): Illuminate\\Foundation\\Console\\Kernel->bootstrap()
#26 /home/garabuna/projects/job-portal/artisan(37): Illuminate\\Foundation\\Console\\Kernel->handle()
#27 {main}
"} 
